<?xml version="1.0" encoding="UTF-8"?>
<testsuite xmlns:xsi="http://www.w3.org/2001/XMLSchema-instance" xsi:noNamespaceSchemaLocation="https://maven.apache.org/surefire/maven-surefire-plugin/xsd/surefire-test-report-3.0.xsd" version="3.0" name="MainTest" time="0.109" tests="31" errors="0" skipped="0" failures="0">
  <properties>
    <property name="sun.desktop" value="windows"/>
    <property name="awt.toolkit" value="sun.awt.windows.WToolkit"/>
    <property name="file.encoding.pkg" value="sun.io"/>
    <property name="java.specification.version" value="1.8"/>
    <property name="sun.cpu.isalist" value="amd64"/>
    <property name="sun.jnu.encoding" value="Cp1251"/>
    <property name="java.class.path" value="C:\Users\Danil\Desktop\7еместр\тестовое задание на практику\ii\cipher\target\test-classes;C:\Users\Danil\Desktop\7еместр\тестовое задание на практику\ii\cipher\target\classes;C:\Users\Danil\.m2\repository\org\junit\jupiter\junit-jupiter-engine\5.8.0-M1\junit-jupiter-engine-5.8.0-M1.jar;C:\Users\Danil\.m2\repository\org\apiguardian\apiguardian-api\1.1.1\apiguardian-api-1.1.1.jar;C:\Users\Danil\.m2\repository\org\junit\platform\junit-platform-engine\1.8.0-M1\junit-platform-engine-1.8.0-M1.jar;C:\Users\Danil\.m2\repository\org\opentest4j\opentest4j\1.2.0\opentest4j-1.2.0.jar;C:\Users\Danil\.m2\repository\org\junit\platform\junit-platform-commons\1.8.0-M1\junit-platform-commons-1.8.0-M1.jar;C:\Users\Danil\.m2\repository\org\junit\jupiter\junit-jupiter-api\5.8.0-M1\junit-jupiter-api-5.8.0-M1.jar;C:\Users\Danil\.m2\repository\org\jetbrains\kotlin\kotlin-stdlib-jdk8\1.4.20\kotlin-stdlib-jdk8-1.4.20.jar;C:\Users\Danil\.m2\repository\org\jetbrains\kotlin\kotlin-stdlib\1.4.20\kotlin-stdlib-1.4.20.jar;C:\Users\Danil\.m2\repository\org\jetbrains\kotlin\kotlin-stdlib-common\1.4.20\kotlin-stdlib-common-1.4.20.jar;C:\Users\Danil\.m2\repository\org\jetbrains\annotations\13.0\annotations-13.0.jar;C:\Users\Danil\.m2\repository\org\jetbrains\kotlin\kotlin-stdlib-jdk7\1.4.20\kotlin-stdlib-jdk7-1.4.20.jar;C:\Users\Danil\.m2\repository\org\apache\maven\plugins\maven-compiler-plugin\3.9.0\maven-compiler-plugin-3.9.0.jar;C:\Users\Danil\.m2\repository\org\apache\maven\shared\maven-shared-utils\3.3.4\maven-shared-utils-3.3.4.jar;C:\Users\Danil\.m2\repository\commons-io\commons-io\2.6\commons-io-2.6.jar;C:\Users\Danil\.m2\repository\org\apache\maven\shared\maven-shared-incremental\1.1\maven-shared-incremental-1.1.jar;C:\Users\Danil\.m2\repository\org\codehaus\plexus\plexus-component-annotations\1.5.5\plexus-component-annotations-1.5.5.jar;C:\Users\Danil\.m2\repository\org\codehaus\plexus\plexus-java\1.1.0\plexus-java-1.1.0.jar;C:\Users\Danil\.m2\repository\org\ow2\asm\asm\9.2\asm-9.2.jar;C:\Users\Danil\.m2\repository\com\thoughtworks\qdox\qdox\2.0.0\qdox-2.0.0.jar;C:\Users\Danil\.m2\repository\org\codehaus\plexus\plexus-compiler-api\2.9.0\plexus-compiler-api-2.9.0.jar;C:\Users\Danil\.m2\repository\org\codehaus\plexus\plexus-utils\3.3.0\plexus-utils-3.3.0.jar;C:\Users\Danil\.m2\repository\org\codehaus\plexus\plexus-compiler-manager\2.9.0\plexus-compiler-manager-2.9.0.jar;C:\Users\Danil\.m2\repository\org\codehaus\plexus\plexus-compiler-javac\2.9.0\plexus-compiler-javac-2.9.0.jar;C:\Users\Danil\.m2\repository\org\apache\maven\plugins\maven-surefire-plugin\3.0.0-M5\maven-surefire-plugin-3.0.0-M5.jar;C:\Users\Danil\.m2\repository\org\apache\maven\surefire\maven-surefire-common\3.0.0-M5\maven-surefire-common-3.0.0-M5.jar;C:\Users\Danil\.m2\repository\org\apache\maven\surefire\surefire-api\3.0.0-M5\surefire-api-3.0.0-M5.jar;C:\Users\Danil\.m2\repository\org\apache\maven\surefire\surefire-logger-api\3.0.0-M5\surefire-logger-api-3.0.0-M5.jar;C:\Users\Danil\.m2\repository\org\apache\maven\surefire\surefire-extensions-api\3.0.0-M5\surefire-extensions-api-3.0.0-M5.jar;C:\Users\Danil\.m2\repository\org\apache\maven\surefire\surefire-booter\3.0.0-M5\surefire-booter-3.0.0-M5.jar;C:\Users\Danil\.m2\repository\org\apache\maven\surefire\surefire-extensions-spi\3.0.0-M5\surefire-extensions-spi-3.0.0-M5.jar;C:\Users\Danil\.m2\repository\org\apache\maven\maven-toolchain\3.0-alpha-2\maven-toolchain-3.0-alpha-2.jar;C:\Users\Danil\.m2\repository\org\apache\maven\shared\maven-artifact-transfer\0.11.0\maven-artifact-transfer-0.11.0.jar;C:\Users\Danil\.m2\repository\org\apache\maven\shared\maven-common-artifact-filters\3.0.1\maven-common-artifact-filters-3.0.1.jar;C:\Users\Danil\.m2\repository\org\apache\maven\maven-model\3.0\maven-model-3.0.jar;C:\Users\Danil\.m2\repository\org\apache\maven\maven-plugin-api\3.0\maven-plugin-api-3.0.jar;C:\Users\Danil\.m2\repository\org\sonatype\sisu\sisu-inject-plexus\1.4.2\sisu-inject-plexus-1.4.2.jar;C:\Users\Danil\.m2\repository\org\codehaus\plexus\plexus-classworlds\2.2.3\plexus-classworlds-2.2.3.jar;C:\Users\Danil\.m2\repository\org\sonatype\sisu\sisu-inject-bean\1.4.2\sisu-inject-bean-1.4.2.jar;C:\Users\Danil\.m2\repository\org\sonatype\sisu\sisu-guice\2.1.7\sisu-guice-2.1.7-noaop.jar;C:\Users\Danil\.m2\repository\commons-codec\commons-codec\1.11\commons-codec-1.11.jar;C:\Users\Danil\.m2\repository\org\apache\maven\surefire\surefire-shared-utils\3.0.0-M4\surefire-shared-utils-3.0.0-M4.jar;C:\Users\Danil\.m2\repository\junit\junit\4.13.2\junit-4.13.2.jar;C:\Users\Danil\.m2\repository\org\hamcrest\hamcrest-core\1.3\hamcrest-core-1.3.jar;C:\Users\Danil\.m2\repository\com\github\stefanbirkner\system-rules\1.19.0\system-rules-1.19.0.jar;"/>
    <property name="java.vm.vendor" value="Azul Systems, Inc."/>
    <property name="sun.arch.data.model" value="64"/>
    <property name="user.variant" value=""/>
    <property name="java.vendor.url" value="http://www.azul.com/"/>
    <property name="user.timezone" value="Asia/Novosibirsk"/>
    <property name="java.vm.specification.version" value="1.8"/>
    <property name="os.name" value="Windows 10"/>
    <property name="user.country" value="RU"/>
    <property name="sun.java.launcher" value="SUN_STANDARD"/>
    <property name="sun.boot.library.path" value="C:\Users\Danil\.jdks\azul-1.8.0_322\jre\bin"/>
    <property name="sun.java.command" value="C:\Users\Danil\AppData\Local\Temp\surefire5867198502467196032\surefirebooter8802618682600485061.jar C:\Users\Danil\AppData\Local\Temp\surefire5867198502467196032 2022-02-09T00-36-24_297-jvmRun1 surefire1940032148929492411tmp surefire_03007681923485747320tmp"/>
    <property name="surefire.test.class.path" value="C:\Users\Danil\Desktop\7еместр\тестовое задание на практику\ii\cipher\target\test-classes;C:\Users\Danil\Desktop\7еместр\тестовое задание на практику\ii\cipher\target\classes;C:\Users\Danil\.m2\repository\org\junit\jupiter\junit-jupiter-engine\5.8.0-M1\junit-jupiter-engine-5.8.0-M1.jar;C:\Users\Danil\.m2\repository\org\apiguardian\apiguardian-api\1.1.1\apiguardian-api-1.1.1.jar;C:\Users\Danil\.m2\repository\org\junit\platform\junit-platform-engine\1.8.0-M1\junit-platform-engine-1.8.0-M1.jar;C:\Users\Danil\.m2\repository\org\opentest4j\opentest4j\1.2.0\opentest4j-1.2.0.jar;C:\Users\Danil\.m2\repository\org\junit\platform\junit-platform-commons\1.8.0-M1\junit-platform-commons-1.8.0-M1.jar;C:\Users\Danil\.m2\repository\org\junit\jupiter\junit-jupiter-api\5.8.0-M1\junit-jupiter-api-5.8.0-M1.jar;C:\Users\Danil\.m2\repository\org\jetbrains\kotlin\kotlin-stdlib-jdk8\1.4.20\kotlin-stdlib-jdk8-1.4.20.jar;C:\Users\Danil\.m2\repository\org\jetbrains\kotlin\kotlin-stdlib\1.4.20\kotlin-stdlib-1.4.20.jar;C:\Users\Danil\.m2\repository\org\jetbrains\kotlin\kotlin-stdlib-common\1.4.20\kotlin-stdlib-common-1.4.20.jar;C:\Users\Danil\.m2\repository\org\jetbrains\annotations\13.0\annotations-13.0.jar;C:\Users\Danil\.m2\repository\org\jetbrains\kotlin\kotlin-stdlib-jdk7\1.4.20\kotlin-stdlib-jdk7-1.4.20.jar;C:\Users\Danil\.m2\repository\org\apache\maven\plugins\maven-compiler-plugin\3.9.0\maven-compiler-plugin-3.9.0.jar;C:\Users\Danil\.m2\repository\org\apache\maven\shared\maven-shared-utils\3.3.4\maven-shared-utils-3.3.4.jar;C:\Users\Danil\.m2\repository\commons-io\commons-io\2.6\commons-io-2.6.jar;C:\Users\Danil\.m2\repository\org\apache\maven\shared\maven-shared-incremental\1.1\maven-shared-incremental-1.1.jar;C:\Users\Danil\.m2\repository\org\codehaus\plexus\plexus-component-annotations\1.5.5\plexus-component-annotations-1.5.5.jar;C:\Users\Danil\.m2\repository\org\codehaus\plexus\plexus-java\1.1.0\plexus-java-1.1.0.jar;C:\Users\Danil\.m2\repository\org\ow2\asm\asm\9.2\asm-9.2.jar;C:\Users\Danil\.m2\repository\com\thoughtworks\qdox\qdox\2.0.0\qdox-2.0.0.jar;C:\Users\Danil\.m2\repository\org\codehaus\plexus\plexus-compiler-api\2.9.0\plexus-compiler-api-2.9.0.jar;C:\Users\Danil\.m2\repository\org\codehaus\plexus\plexus-utils\3.3.0\plexus-utils-3.3.0.jar;C:\Users\Danil\.m2\repository\org\codehaus\plexus\plexus-compiler-manager\2.9.0\plexus-compiler-manager-2.9.0.jar;C:\Users\Danil\.m2\repository\org\codehaus\plexus\plexus-compiler-javac\2.9.0\plexus-compiler-javac-2.9.0.jar;C:\Users\Danil\.m2\repository\org\apache\maven\plugins\maven-surefire-plugin\3.0.0-M5\maven-surefire-plugin-3.0.0-M5.jar;C:\Users\Danil\.m2\repository\org\apache\maven\surefire\maven-surefire-common\3.0.0-M5\maven-surefire-common-3.0.0-M5.jar;C:\Users\Danil\.m2\repository\org\apache\maven\surefire\surefire-api\3.0.0-M5\surefire-api-3.0.0-M5.jar;C:\Users\Danil\.m2\repository\org\apache\maven\surefire\surefire-logger-api\3.0.0-M5\surefire-logger-api-3.0.0-M5.jar;C:\Users\Danil\.m2\repository\org\apache\maven\surefire\surefire-extensions-api\3.0.0-M5\surefire-extensions-api-3.0.0-M5.jar;C:\Users\Danil\.m2\repository\org\apache\maven\surefire\surefire-booter\3.0.0-M5\surefire-booter-3.0.0-M5.jar;C:\Users\Danil\.m2\repository\org\apache\maven\surefire\surefire-extensions-spi\3.0.0-M5\surefire-extensions-spi-3.0.0-M5.jar;C:\Users\Danil\.m2\repository\org\apache\maven\maven-toolchain\3.0-alpha-2\maven-toolchain-3.0-alpha-2.jar;C:\Users\Danil\.m2\repository\org\apache\maven\shared\maven-artifact-transfer\0.11.0\maven-artifact-transfer-0.11.0.jar;C:\Users\Danil\.m2\repository\org\apache\maven\shared\maven-common-artifact-filters\3.0.1\maven-common-artifact-filters-3.0.1.jar;C:\Users\Danil\.m2\repository\org\apache\maven\maven-model\3.0\maven-model-3.0.jar;C:\Users\Danil\.m2\repository\org\apache\maven\maven-plugin-api\3.0\maven-plugin-api-3.0.jar;C:\Users\Danil\.m2\repository\org\sonatype\sisu\sisu-inject-plexus\1.4.2\sisu-inject-plexus-1.4.2.jar;C:\Users\Danil\.m2\repository\org\codehaus\plexus\plexus-classworlds\2.2.3\plexus-classworlds-2.2.3.jar;C:\Users\Danil\.m2\repository\org\sonatype\sisu\sisu-inject-bean\1.4.2\sisu-inject-bean-1.4.2.jar;C:\Users\Danil\.m2\repository\org\sonatype\sisu\sisu-guice\2.1.7\sisu-guice-2.1.7-noaop.jar;C:\Users\Danil\.m2\repository\commons-codec\commons-codec\1.11\commons-codec-1.11.jar;C:\Users\Danil\.m2\repository\org\apache\maven\surefire\surefire-shared-utils\3.0.0-M4\surefire-shared-utils-3.0.0-M4.jar;C:\Users\Danil\.m2\repository\junit\junit\4.13.2\junit-4.13.2.jar;C:\Users\Danil\.m2\repository\org\hamcrest\hamcrest-core\1.3\hamcrest-core-1.3.jar;C:\Users\Danil\.m2\repository\com\github\stefanbirkner\system-rules\1.19.0\system-rules-1.19.0.jar;"/>
    <property name="sun.cpu.endian" value="little"/>
    <property name="user.home" value="C:\Users\Danil"/>
    <property name="user.language" value="ru"/>
    <property name="java.specification.vendor" value="Oracle Corporation"/>
    <property name="java.home" value="C:\Users\Danil\.jdks\azul-1.8.0_322\jre"/>
    <property name="basedir" value="C:\Users\Danil\Desktop\7еместр\тестовое задание на практику\ii\cipher"/>
    <property name="file.separator" value="\"/>
    <property name="line.separator" value="&#10;"/>
    <property name="jdk.vendor.version" value="Zulu 8.60.0.21-CA-win64"/>
    <property name="java.vm.specification.vendor" value="Oracle Corporation"/>
    <property name="java.specification.name" value="Java Platform API Specification"/>
    <property name="java.awt.graphicsenv" value="sun.awt.Win32GraphicsEnvironment"/>
    <property name="surefire.real.class.path" value="C:\Users\Danil\AppData\Local\Temp\surefire5867198502467196032\surefirebooter8802618682600485061.jar"/>
    <property name="sun.boot.class.path" value="C:\Users\Danil\.jdks\azul-1.8.0_322\jre\lib\resources.jar;C:\Users\Danil\.jdks\azul-1.8.0_322\jre\lib\rt.jar;C:\Users\Danil\.jdks\azul-1.8.0_322\jre\lib\sunrsasign.jar;C:\Users\Danil\.jdks\azul-1.8.0_322\jre\lib\jsse.jar;C:\Users\Danil\.jdks\azul-1.8.0_322\jre\lib\jce.jar;C:\Users\Danil\.jdks\azul-1.8.0_322\jre\lib\charsets.jar;C:\Users\Danil\.jdks\azul-1.8.0_322\jre\lib\jfr.jar;C:\Users\Danil\.jdks\azul-1.8.0_322\jre\lib\cat.jar;C:\Users\Danil\.jdks\azul-1.8.0_322\jre\classes"/>
    <property name="user.script" value=""/>
    <property name="sun.management.compiler" value="HotSpot 64-Bit Tiered Compilers"/>
    <property name="java.runtime.version" value="1.8.0_322-b06"/>
    <property name="user.name" value="Danil"/>
    <property name="path.separator" value=";"/>
    <property name="os.version" value="10.0"/>
    <property name="java.endorsed.dirs" value="C:\Users\Danil\.jdks\azul-1.8.0_322\jre\lib\endorsed"/>
    <property name="java.runtime.name" value="OpenJDK Runtime Environment"/>
    <property name="file.encoding" value="Cp1251"/>
    <property name="java.vm.name" value="OpenJDK 64-Bit Server VM"/>
    <property name="localRepository" value="C:\Users\Danil\.m2\repository"/>
    <property name="java.vendor.url.bug" value="http://www.azul.com/support/"/>
    <property name="java.io.tmpdir" value="C:\Users\Danil\AppData\Local\Temp\"/>
    <property name="idea.version" value="2021.3"/>
    <property name="java.version" value="1.8.0_322"/>
    <property name="user.dir" value="C:\Users\Danil\Desktop\7еместр\тестовое задание на практику\ii\cipher"/>
    <property name="os.arch" value="amd64"/>
    <property name="java.vm.specification.name" value="Java Virtual Machine Specification"/>
    <property name="java.awt.printerjob" value="sun.awt.windows.WPrinterJob"/>
    <property name="sun.os.patch.level" value=""/>
    <property name="java.library.path" value="C:\Users\Danil\.jdks\azul-1.8.0_322\jre\bin;C:\WINDOWS\Sun\Java\bin;C:\WINDOWS\system32;C:\WINDOWS;C:\Program Files\Eclipse Adoptium\jdk-8.0.322.6-hotspot\bin;C:\Program Files\Zulu\zulu-15\bin\;&quot;С:\Windows;С:\Windows\system32&quot;;C:\Program Files\Common Files\Oracle\Java\javapath;&quot;C:\ProgramData\Oracle\Java\javapath;C:\Windows\system32;C:\Windows;C:\Windows\System32\Wbem;C:\Windows\System32\WindowsPowerShell\v1.0\;C:\php;C:\ProgramData\ComposerSetup\bin;C:\Program Files\nodejs\;C:\Program Files\Bandizip\7z;C:\Users\Rikcon\AppData\Roami&quot;;&quot;C:\WINDOWS\system32;C:\WINDOWS;C:\WINDOWS\System32\Wbem&quot;;C:\Program Files\Git\cmd;C:\Users\Danil\.jdks\azul-1.8.0_322\bin;C:\Users\Danil\AppData\Local\Programs\Python\Python38-32\Scripts\;C:\Users\Danil\AppData\Local\Programs\Python\Python38-32\;C:\Users\Danil\AppData\Local\Microsoft\WindowsApps;&quot;c:\Windows;c:\Windows\system32&quot;;C:\Users\Danil\AppData\Local\Programs\Microsoft VS Code\bin;&quot;C:\WINDOWS\system32;C:\WINDOWS;C:\WINDOWS\System32\Wbem&quot;;C:\Users\Danil\AppData\Roaming\Microsoft\Windows\Start Menu\Programs\Python 3.9\;C:\Users\Danil\AppData\Roaming\Microsoft\Windows\Start Menu\Programs\Python 3.9\Scripts;C:\Program Files\JetBrains\IntelliJ IDEA Community Edition 2021.3\bin;;C:\Users\Danil\Desktop\apache-maven-3.8.4\bin;;C:\Program Files\JetBrains\PyCharm Community Edition 2021.3\bin;;."/>
    <property name="java.vm.info" value="mixed mode"/>
    <property name="java.vendor" value="Azul Systems, Inc."/>
    <property name="java.vm.version" value="25.322-b06"/>
    <property name="java.ext.dirs" value="C:\Users\Danil\.jdks\azul-1.8.0_322\jre\lib\ext;C:\WINDOWS\Sun\Java\lib\ext"/>
    <property name="sun.io.unicode.encoding" value="UnicodeLittle"/>
    <property name="java.class.version" value="52.0"/>
  </properties>
  <testcase name="argument_o_is_missing" classname="MainTest" time="0.031"/>
  <testcase name="argument_text_is_in_chinese" classname="MainTest" time="0"/>
  <testcase name="valid_params_for_decode" classname="MainTest" time="0"/>
  <testcase name="valid_params_for_encode" classname="MainTest" time="0"/>
  <testcase name="argument_int_is_less_than_0" classname="MainTest" time="0"/>
  <testcase name="random_valid_params_for_encode1" classname="MainTest" time="0"/>
  <testcase name="random_valid_params_for_encode2" classname="MainTest" time="0"/>
  <testcase name="random_valid_params_for_encode3" classname="MainTest" time="0"/>
  <testcase name="random_valid_params_for_encode4" classname="MainTest" time="0"/>
  <testcase name="random_valid_params_for_encode5" classname="MainTest" time="0"/>
  <testcase name="random_valid_params_for_encode6" classname="MainTest" time="0"/>
  <testcase name="random_valid_params_for_encode7" classname="MainTest" time="0"/>
  <testcase name="random_valid_params_for_encode8" classname="MainTest" time="0"/>
  <testcase name="random_valid_params_for_encode9" classname="MainTest" time="0"/>
  <testcase name="argument_int_is_missing" classname="MainTest" time="0"/>
  <testcase name="argument_text_is_in_russian" classname="MainTest" time="0"/>
  <testcase name="more_than_4_arguments" classname="MainTest" time="0"/>
  <testcase name="arguments_e_or_d_are_missing" classname="MainTest" time="0"/>
  <testcase name="argument_text_is_with_symbols" classname="MainTest" time="0"/>
  <testcase name="argument_int_is_more_than_26" classname="MainTest" time="0.016"/>
  <testcase name="less_than_4_arguments" classname="MainTest" time="0"/>
  <testcase name="argument_text_is_empty" classname="MainTest" time="0"/>
  <testcase name="random_valid_params_for_decode1" classname="MainTest" time="0"/>
  <testcase name="random_valid_params_for_decode2" classname="MainTest" time="0"/>
  <testcase name="random_valid_params_for_decode3" classname="MainTest" time="0"/>
  <testcase name="random_valid_params_for_decode4" classname="MainTest" time="0"/>
  <testcase name="random_valid_params_for_decode5" classname="MainTest" time="0"/>
  <testcase name="random_valid_params_for_decode6" classname="MainTest" time="0"/>
  <testcase name="random_valid_params_for_decode7" classname="MainTest" time="0"/>
  <testcase name="random_valid_params_for_decode8" classname="MainTest" time="0"/>
  <testcase name="random_valid_params_for_decode9" classname="MainTest" time="0"/>
</testsuite>